<?xml version="1.0" encoding="UTF-8"?>
<!-- Generated by org.testng.reporters.JUnitXMLReporter -->
<testsuite hostname="DESKTOP-M8G91GG" ignored="0" name="Regression suite 1" tests="2" failures="0" timestamp="03 May 2019 13:54:25 GMT" time="30.969" errors="0">
  <testcase name="productlisttest" time="10.992" classname="com.swaglab.qa.testclass.homepagetest"/>
  <testcase name="verifyhomepagetitletest" time="0.037" classname="com.swaglab.qa.testclass.homepagetest"/>
</testsuite> <!-- Regression suite 1 -->
